<?xml version="1.0" encoding="UTF-8"?>
<testng-results ignored="0" total="1" passed="1" failed="0" skipped="0">
  <reporter-output>
  </reporter-output>
  <suite started-at="2025-07-03T23:23:28 IST" name="API Test Suite" finished-at="2025-07-03T23:23:29 IST" duration-ms="1480">
    <groups>
    </groups>
    <test started-at="2025-07-03T23:23:28 IST" name="API Test" finished-at="2025-07-03T23:23:29 IST" duration-ms="1480">
      <class name="com.api.tests.LoginAPITest3">
        <test-method signature="loginTest()[pri:0, instance:com.api.tests.LoginAPITest3@1184ab05]" started-at="2025-07-03T23:23:28 IST" name="loginTest" description="verify the login api is working...." finished-at="2025-07-03T23:23:29 IST" duration-ms="1449" status="PASS">
          <reporter-output>
          </reporter-output>
        </test-method> <!-- loginTest -->
      </class> <!-- com.api.tests.LoginAPITest3 -->
    </test> <!-- API Test -->
  </suite> <!-- API Test Suite -->
</testng-results>
